Analysis & Synthesis report for nivel
Wed May 18 17:15:38 2022
Quartus Prime Version 16.0.0 Build 211 04/27/2016 SJ Lite Edition


---------------------
; Table of Contents ;
---------------------
  1. Legal Notice
  2. Analysis & Synthesis Summary
  3. Analysis & Synthesis Settings
  4. Parallel Compilation
  5. Analysis & Synthesis Source Files Read
  6. Analysis & Synthesis Resource Usage Summary
  7. Analysis & Synthesis Resource Utilization by Entity
  8. Analysis & Synthesis RAM Summary
  9. State Machine - |nivel|spi_controlador:spi_controlador|estado
 10. State Machine - |nivel|spi_master:spi_master|estado
 11. Registers Removed During Synthesis
 12. General Register Statistics
 13. Inverted Register Statistics
 14. Registers Packed Into Inferred Megafunctions
 15. Multiplexer Restructuring Statistics (Restructuring Performed)
 16. Source assignments for estimador:estimador|altshift_taps:reg_muestra_rtl_0|shift_taps_0im:auto_generated|altsyncram_mfa1:altsyncram2
 17. Parameter Settings for User Entity Instance: calc_offset:calc_offset
 18. Parameter Settings for User Entity Instance: estimador:estimador
 19. Parameter Settings for Inferred Entity Instance: estimador:estimador|altshift_taps:reg_muestra_rtl_0
 20. altshift_taps Parameter Settings by Entity Instance
 21. Post-Synthesis Netlist Statistics for Top Partition
 22. Elapsed Time Per Partition
 23. Analysis & Synthesis Messages



----------------
; Legal Notice ;
----------------
Copyright (C) 1991-2016 Altera Corporation. All rights reserved.
Your use of Altera Corporation's design tools, logic functions 
and other software and tools, and its AMPP partner logic 
functions, and any output files from any of the foregoing 
(including device programming or simulation files), and any 
associated documentation or information are expressly subject 
to the terms and conditions of the Altera Program License 
Subscription Agreement, the Altera Quartus Prime License Agreement,
the Altera MegaCore Function License Agreement, or other 
applicable license agreement, including, without limitation, 
that your use is for the sole purpose of programming logic 
devices manufactured by Altera and sold by Altera or its 
authorized distributors.  Please refer to the applicable 
agreement for further details.



+----------------------------------------------------------------------------------+
; Analysis & Synthesis Summary                                                     ;
+------------------------------------+---------------------------------------------+
; Analysis & Synthesis Status        ; Successful - Wed May 18 17:15:38 2022       ;
; Quartus Prime Version              ; 16.0.0 Build 211 04/27/2016 SJ Lite Edition ;
; Revision Name                      ; nivel                                       ;
; Top-level Entity Name              ; nivel                                       ;
; Family                             ; MAX 10                                      ;
; Total logic elements               ; 499                                         ;
;     Total combinational functions  ; 457                                         ;
;     Dedicated logic registers      ; 217                                         ;
; Total registers                    ; 217                                         ;
; Total pins                         ; 29                                          ;
; Total virtual pins                 ; 0                                           ;
; Total memory bits                  ; 660                                         ;
; Embedded Multiplier 9-bit elements ; 0                                           ;
; Total PLLs                         ; 0                                           ;
; UFM blocks                         ; 0                                           ;
; ADC blocks                         ; 0                                           ;
+------------------------------------+---------------------------------------------+


+----------------------------------------------------------------------------------------------------------------------+
; Analysis & Synthesis Settings                                                                                        ;
+----------------------------------------------------------------------------+--------------------+--------------------+
; Option                                                                     ; Setting            ; Default Value      ;
+----------------------------------------------------------------------------+--------------------+--------------------+
; Device                                                                     ; 10M50DAF484C6GES   ;                    ;
; Top-level entity name                                                      ; nivel              ; nivel              ;
; Family name                                                                ; MAX 10             ; Cyclone V          ;
; Use smart compilation                                                      ; Off                ; Off                ;
; Enable parallel Assembler and TimeQuest Timing Analyzer during compilation ; On                 ; On                 ;
; Enable compact report table                                                ; Off                ; Off                ;
; Restructure Multiplexers                                                   ; Auto               ; Auto               ;
; Create Debugging Nodes for IP Cores                                        ; Off                ; Off                ;
; Preserve fewer node names                                                  ; On                 ; On                 ;
; Disable OpenCore Plus hardware evaluation                                  ; Off                ; Off                ;
; Verilog Version                                                            ; Verilog_2001       ; Verilog_2001       ;
; VHDL Version                                                               ; VHDL_1993          ; VHDL_1993          ;
; State Machine Processing                                                   ; Auto               ; Auto               ;
; Safe State Machine                                                         ; Off                ; Off                ;
; Extract Verilog State Machines                                             ; On                 ; On                 ;
; Extract VHDL State Machines                                                ; On                 ; On                 ;
; Ignore Verilog initial constructs                                          ; Off                ; Off                ;
; Iteration limit for constant Verilog loops                                 ; 5000               ; 5000               ;
; Iteration limit for non-constant Verilog loops                             ; 250                ; 250                ;
; Add Pass-Through Logic to Inferred RAMs                                    ; On                 ; On                 ;
; Infer RAMs from Raw Logic                                                  ; On                 ; On                 ;
; Parallel Synthesis                                                         ; On                 ; On                 ;
; DSP Block Balancing                                                        ; Auto               ; Auto               ;
; NOT Gate Push-Back                                                         ; On                 ; On                 ;
; Power-Up Don't Care                                                        ; On                 ; On                 ;
; Remove Redundant Logic Cells                                               ; Off                ; Off                ;
; Remove Duplicate Registers                                                 ; On                 ; On                 ;
; Ignore CARRY Buffers                                                       ; Off                ; Off                ;
; Ignore CASCADE Buffers                                                     ; Off                ; Off                ;
; Ignore GLOBAL Buffers                                                      ; Off                ; Off                ;
; Ignore ROW GLOBAL Buffers                                                  ; Off                ; Off                ;
; Ignore LCELL Buffers                                                       ; Off                ; Off                ;
; Ignore SOFT Buffers                                                        ; On                 ; On                 ;
; Limit AHDL Integers to 32 Bits                                             ; Off                ; Off                ;
; Optimization Technique                                                     ; Balanced           ; Balanced           ;
; Carry Chain Length                                                         ; 70                 ; 70                 ;
; Auto Carry Chains                                                          ; On                 ; On                 ;
; Auto Open-Drain Pins                                                       ; On                 ; On                 ;
; Perform WYSIWYG Primitive Resynthesis                                      ; Off                ; Off                ;
; Auto ROM Replacement                                                       ; On                 ; On                 ;
; Auto RAM Replacement                                                       ; On                 ; On                 ;
; Auto DSP Block Replacement                                                 ; On                 ; On                 ;
; Auto Shift Register Replacement                                            ; Auto               ; Auto               ;
; Allow Shift Register Merging across Hierarchies                            ; Auto               ; Auto               ;
; Auto Clock Enable Replacement                                              ; On                 ; On                 ;
; Strict RAM Replacement                                                     ; Off                ; Off                ;
; Allow Synchronous Control Signals                                          ; On                 ; On                 ;
; Force Use of Synchronous Clear Signals                                     ; Off                ; Off                ;
; Auto RAM Block Balancing                                                   ; On                 ; On                 ;
; Auto RAM to Logic Cell Conversion                                          ; Off                ; Off                ;
; Auto Resource Sharing                                                      ; Off                ; Off                ;
; Allow Any RAM Size For Recognition                                         ; Off                ; Off                ;
; Allow Any ROM Size For Recognition                                         ; Off                ; Off                ;
; Allow Any Shift Register Size For Recognition                              ; Off                ; Off                ;
; Use LogicLock Constraints during Resource Balancing                        ; On                 ; On                 ;
; Ignore translate_off and synthesis_off directives                          ; Off                ; Off                ;
; Timing-Driven Synthesis                                                    ; On                 ; On                 ;
; Report Parameter Settings                                                  ; On                 ; On                 ;
; Report Source Assignments                                                  ; On                 ; On                 ;
; Report Connectivity Checks                                                 ; On                 ; On                 ;
; Ignore Maximum Fan-Out Assignments                                         ; Off                ; Off                ;
; Synchronization Register Chain Length                                      ; 2                  ; 2                  ;
; PowerPlay Power Optimization During Synthesis                              ; Normal compilation ; Normal compilation ;
; HDL message level                                                          ; Level2             ; Level2             ;
; Suppress Register Optimization Related Messages                            ; Off                ; Off                ;
; Number of Removed Registers Reported in Synthesis Report                   ; 5000               ; 5000               ;
; Number of Swept Nodes Reported in Synthesis Report                         ; 5000               ; 5000               ;
; Number of Inverted Registers Reported in Synthesis Report                  ; 100                ; 100                ;
; Clock MUX Protection                                                       ; On                 ; On                 ;
; Auto Gated Clock Conversion                                                ; Off                ; Off                ;
; Block Design Naming                                                        ; Auto               ; Auto               ;
; SDC constraint protection                                                  ; Off                ; Off                ;
; Synthesis Effort                                                           ; Auto               ; Auto               ;
; Shift Register Replacement - Allow Asynchronous Clear Signal               ; On                 ; On                 ;
; Pre-Mapping Resynthesis Optimization                                       ; Off                ; Off                ;
; Analysis & Synthesis Message Level                                         ; Medium             ; Medium             ;
; Disable Register Merging Across Hierarchies                                ; Auto               ; Auto               ;
; Resource Aware Inference For Block RAM                                     ; On                 ; On                 ;
; Synthesis Seed                                                             ; 1                  ; 1                  ;
+----------------------------------------------------------------------------+--------------------+--------------------+


Parallel compilation was disabled, but you have multiple processors available. Enable parallel compilation to reduce compilation time.
+-------------------------------------+
; Parallel Compilation                ;
+----------------------------+--------+
; Processors                 ; Number ;
+----------------------------+--------+
; Number detected on machine ; 4      ;
; Maximum allowed            ; 1      ;
+----------------------------+--------+


+---------------------------------------------------------------------------------------------------------------------------------------------------------------------+
; Analysis & Synthesis Source Files Read                                                                                                                              ;
+----------------------------------+-----------------+------------------------------+-----------------------------------------------------------------------+---------+
; File Name with User-Entered Path ; Used in Netlist ; File Type                    ; File Name with Absolute Path                                          ; Library ;
+----------------------------------+-----------------+------------------------------+-----------------------------------------------------------------------+---------+
; ../hdl/spi_master.vhd            ; yes             ; User VHDL File               ; C:/Users/d.allegue/Downloads/DD2/hdl/spi_master.vhd                   ;         ;
; ../hdl/spi_controlador.vhd       ; yes             ; User VHDL File               ; C:/Users/d.allegue/Downloads/DD2/hdl/spi_controlador.vhd              ;         ;
; ../hdl/representacion.vhd        ; yes             ; User VHDL File               ; C:/Users/d.allegue/Downloads/DD2/hdl/representacion.vhd               ;         ;
; ../hdl/nivel.vhd                 ; yes             ; User VHDL File               ; C:/Users/d.allegue/Downloads/DD2/hdl/nivel.vhd                        ;         ;
; ../hdl/estimador.vhd             ; yes             ; User VHDL File               ; C:/Users/d.allegue/Downloads/DD2/hdl/estimador.vhd                    ;         ;
; ../hdl/calc_offset.vhd           ; yes             ; User VHDL File               ; C:/Users/d.allegue/Downloads/DD2/hdl/calc_offset.vhd                  ;         ;
; ../hdl/auxiliar.vhd              ; yes             ; User VHDL File               ; C:/Users/d.allegue/Downloads/DD2/hdl/auxiliar.vhd                     ;         ;
; altshift_taps.tdf                ; yes             ; Megafunction                 ; c:/altera_lite/16.0/quartus/libraries/megafunctions/altshift_taps.tdf ;         ;
; altdpram.inc                     ; yes             ; Megafunction                 ; c:/altera_lite/16.0/quartus/libraries/megafunctions/altdpram.inc      ;         ;
; lpm_counter.inc                  ; yes             ; Megafunction                 ; c:/altera_lite/16.0/quartus/libraries/megafunctions/lpm_counter.inc   ;         ;
; lpm_compare.inc                  ; yes             ; Megafunction                 ; c:/altera_lite/16.0/quartus/libraries/megafunctions/lpm_compare.inc   ;         ;
; lpm_constant.inc                 ; yes             ; Megafunction                 ; c:/altera_lite/16.0/quartus/libraries/megafunctions/lpm_constant.inc  ;         ;
; db/shift_taps_0im.tdf            ; yes             ; Auto-Generated Megafunction  ; C:/Users/d.allegue/Downloads/DD2/quartus/db/shift_taps_0im.tdf        ;         ;
; db/altsyncram_mfa1.tdf           ; yes             ; Auto-Generated Megafunction  ; C:/Users/d.allegue/Downloads/DD2/quartus/db/altsyncram_mfa1.tdf       ;         ;
; db/cntr_f5f.tdf                  ; yes             ; Auto-Generated Megafunction  ; C:/Users/d.allegue/Downloads/DD2/quartus/db/cntr_f5f.tdf              ;         ;
; db/cmpr_hrb.tdf                  ; yes             ; Auto-Generated Megafunction  ; C:/Users/d.allegue/Downloads/DD2/quartus/db/cmpr_hrb.tdf              ;         ;
; db/cntr_5lg.tdf                  ; yes             ; Auto-Generated Megafunction  ; C:/Users/d.allegue/Downloads/DD2/quartus/db/cntr_5lg.tdf              ;         ;
+----------------------------------+-----------------+------------------------------+-----------------------------------------------------------------------+---------+


+---------------------------------------------------------+
; Analysis & Synthesis Resource Usage Summary             ;
+---------------------------------------------+-----------+
; Resource                                    ; Usage     ;
+---------------------------------------------+-----------+
; Estimated Total logic elements              ; 499       ;
;                                             ;           ;
; Total combinational functions               ; 457       ;
; Logic element usage by number of LUT inputs ;           ;
;     -- 4 input functions                    ; 158       ;
;     -- 3 input functions                    ; 153       ;
;     -- <=2 input functions                  ; 146       ;
;                                             ;           ;
; Logic elements by mode                      ;           ;
;     -- normal mode                          ; 301       ;
;     -- arithmetic mode                      ; 156       ;
;                                             ;           ;
; Total registers                             ; 217       ;
;     -- Dedicated logic registers            ; 217       ;
;     -- I/O registers                        ; 0         ;
;                                             ;           ;
; I/O pins                                    ; 29        ;
; Total memory bits                           ; 660       ;
;                                             ;           ;
; Embedded Multiplier 9-bit elements          ; 0         ;
;                                             ;           ;
; Maximum fan-out node                        ; clk~input ;
; Maximum fan-out                             ; 239       ;
; Total fan-out                               ; 2444      ;
; Average fan-out                             ; 3.24      ;
+---------------------------------------------+-----------+


+-------------------------------------------------------------------------------------------------------------------------------------------------------------------------------------------------------------------------------------------------------------------------------------------------------------------------------------------+
; Analysis & Synthesis Resource Utilization by Entity                                                                                                                                                                                                                                                                                       ;
+-------------------------------------------+-------------------+--------------+-------------+------------+--------------+---------+-----------+------+--------------+------------+------------------------------------------------------------------------------------------------------------------------+-----------------+--------------+
; Compilation Hierarchy Node                ; LC Combinationals ; LC Registers ; Memory Bits ; UFM Blocks ; DSP Elements ; DSP 9x9 ; DSP 18x18 ; Pins ; Virtual Pins ; ADC blocks ; Full Hierarchy Name                                                                                                    ; Entity Name     ; Library Name ;
+-------------------------------------------+-------------------+--------------+-------------+------------+--------------+---------+-----------+------+--------------+------------+------------------------------------------------------------------------------------------------------------------------+-----------------+--------------+
; |nivel                                    ; 457 (0)           ; 217 (0)      ; 660         ; 0          ; 0            ; 0       ; 0         ; 29   ; 0            ; 0          ; |nivel                                                                                                                 ; nivel           ; work         ;
;    |calc_offset:calc_offset|              ; 94 (94)           ; 63 (63)      ; 0           ; 0          ; 0            ; 0       ; 0         ; 0    ; 0            ; 0          ; |nivel|calc_offset:calc_offset                                                                                         ; calc_offset     ; work         ;
;    |estimador:estimador|                  ; 77 (58)           ; 45 (34)      ; 660         ; 0          ; 0            ; 0       ; 0         ; 0    ; 0            ; 0          ; |nivel|estimador:estimador                                                                                             ; estimador       ; work         ;
;       |altshift_taps:reg_muestra_rtl_0|   ; 19 (0)            ; 11 (0)       ; 660         ; 0          ; 0            ; 0       ; 0         ; 0    ; 0            ; 0          ; |nivel|estimador:estimador|altshift_taps:reg_muestra_rtl_0                                                             ; altshift_taps   ; work         ;
;          |shift_taps_0im:auto_generated|  ; 19 (0)            ; 11 (1)       ; 660         ; 0          ; 0            ; 0       ; 0         ; 0    ; 0            ; 0          ; |nivel|estimador:estimador|altshift_taps:reg_muestra_rtl_0|shift_taps_0im:auto_generated                               ; shift_taps_0im  ; work         ;
;             |altsyncram_mfa1:altsyncram2| ; 0 (0)             ; 0 (0)        ; 660         ; 0          ; 0            ; 0       ; 0         ; 0    ; 0            ; 0          ; |nivel|estimador:estimador|altshift_taps:reg_muestra_rtl_0|shift_taps_0im:auto_generated|altsyncram_mfa1:altsyncram2   ; altsyncram_mfa1 ; work         ;
;             |cntr_5lg:cntr3|              ; 7 (7)             ; 5 (5)        ; 0           ; 0          ; 0            ; 0       ; 0         ; 0    ; 0            ; 0          ; |nivel|estimador:estimador|altshift_taps:reg_muestra_rtl_0|shift_taps_0im:auto_generated|cntr_5lg:cntr3                ; cntr_5lg        ; work         ;
;             |cntr_f5f:cntr1|              ; 12 (11)           ; 5 (5)        ; 0           ; 0          ; 0            ; 0       ; 0         ; 0    ; 0            ; 0          ; |nivel|estimador:estimador|altshift_taps:reg_muestra_rtl_0|shift_taps_0im:auto_generated|cntr_f5f:cntr1                ; cntr_f5f        ; work         ;
;                |cmpr_hrb:cmpr6|           ; 1 (1)             ; 0 (0)        ; 0           ; 0          ; 0            ; 0       ; 0         ; 0    ; 0            ; 0          ; |nivel|estimador:estimador|altshift_taps:reg_muestra_rtl_0|shift_taps_0im:auto_generated|cntr_f5f:cntr1|cmpr_hrb:cmpr6 ; cmpr_hrb        ; work         ;
;    |representacion:representacion|        ; 180 (180)         ; 32 (32)      ; 0           ; 0          ; 0            ; 0       ; 0         ; 0    ; 0            ; 0          ; |nivel|representacion:representacion                                                                                   ; representacion  ; work         ;
;    |spi_controlador:spi_controlador|      ; 44 (44)           ; 34 (34)      ; 0           ; 0          ; 0            ; 0       ; 0         ; 0    ; 0            ; 0          ; |nivel|spi_controlador:spi_controlador                                                                                 ; spi_controlador ; work         ;
;    |spi_master:spi_master|                ; 62 (62)           ; 43 (43)      ; 0           ; 0          ; 0            ; 0       ; 0         ; 0    ; 0            ; 0          ; |nivel|spi_master:spi_master                                                                                           ; spi_master      ; work         ;
+-------------------------------------------+-------------------+--------------+-------------+------------+--------------+---------+-----------+------+--------------+------------+------------------------------------------------------------------------------------------------------------------------+-----------------+--------------+
Note: For table entries with two numbers listed, the numbers in parentheses indicate the number of resources of the given type used by the specific entity alone. The numbers listed outside of parentheses indicate the total resources of the given type used by the specific entity and all of its sub-entities in the hierarchy.


+------------------------------------------------------------------------------------------------------------------------------------------------------------------------------------------------------------------------------+
; Analysis & Synthesis RAM Summary                                                                                                                                                                                             ;
+--------------------------------------------------------------------------------------------------------------------------+------+------------------+--------------+--------------+--------------+--------------+------+------+
; Name                                                                                                                     ; Type ; Mode             ; Port A Depth ; Port A Width ; Port B Depth ; Port B Width ; Size ; MIF  ;
+--------------------------------------------------------------------------------------------------------------------------+------+------------------+--------------+--------------+--------------+--------------+------+------+
; estimador:estimador|altshift_taps:reg_muestra_rtl_0|shift_taps_0im:auto_generated|altsyncram_mfa1:altsyncram2|ALTSYNCRAM ; AUTO ; Simple Dual Port ; 30           ; 22           ; 30           ; 22           ; 660  ; None ;
+--------------------------------------------------------------------------------------------------------------------------+------+------------------+--------------+--------------+--------------+--------------+------+------+


Encoding Type:  One-Hot
+-------------------------------------------------------------------------------------------------------------------+
; State Machine - |nivel|spi_controlador:spi_controlador|estado                                                     ;
+------------------------+----------------+------------------------+------------------------+-----------------------+
; Name                   ; estado.measure ; estado.configure_reg_1 ; estado.configure_reg_4 ; estado.initialization ;
+------------------------+----------------+------------------------+------------------------+-----------------------+
; estado.initialization  ; 0              ; 0                      ; 0                      ; 0                     ;
; estado.configure_reg_4 ; 0              ; 0                      ; 1                      ; 1                     ;
; estado.configure_reg_1 ; 0              ; 1                      ; 0                      ; 1                     ;
; estado.measure         ; 1              ; 0                      ; 0                      ; 1                     ;
+------------------------+----------------+------------------------+------------------------+-----------------------+


Encoding Type:  One-Hot
+------------------------------------------------------------------------------------------------+
; State Machine - |nivel|spi_master:spi_master|estado                                            ;
+-----------------+---------------+--------------+--------------+-----------------+--------------+
; Name            ; estado.end_tx ; estado.rd_op ; estado.wr_op ; estado.start_tx ; estado.libre ;
+-----------------+---------------+--------------+--------------+-----------------+--------------+
; estado.libre    ; 0             ; 0            ; 0            ; 0               ; 0            ;
; estado.start_tx ; 0             ; 0            ; 0            ; 1               ; 1            ;
; estado.wr_op    ; 0             ; 0            ; 1            ; 0               ; 1            ;
; estado.rd_op    ; 0             ; 1            ; 0            ; 0               ; 1            ;
; estado.end_tx   ; 1             ; 0            ; 0            ; 0               ; 1            ;
+-----------------+---------------+--------------+--------------+-----------------+--------------+


+----------------------------------------------------------------------------------------+
; Registers Removed During Synthesis                                                     ;
+-----------------------------------------------+----------------------------------------+
; Register name                                 ; Reason for Removal                     ;
+-----------------------------------------------+----------------------------------------+
; spi_controlador:spi_controlador|dato_wr[2..4] ; Stuck at GND due to stuck port data_in ;
; spi_controlador:spi_controlador|reg_addr[2,4] ; Stuck at GND due to stuck port data_in ;
; Total Number of Removed Registers = 5         ;                                        ;
+-----------------------------------------------+----------------------------------------+


+------------------------------------------------------+
; General Register Statistics                          ;
+----------------------------------------------+-------+
; Statistic                                    ; Value ;
+----------------------------------------------+-------+
; Total registers                              ; 217   ;
; Number of registers using Synchronous Clear  ; 24    ;
; Number of registers using Synchronous Load   ; 0     ;
; Number of registers using Asynchronous Clear ; 212   ;
; Number of registers using Asynchronous Load  ; 0     ;
; Number of registers using Clock Enable       ; 164   ;
; Number of registers using Preset             ; 0     ;
+----------------------------------------------+-------+


+---------------------------------------------------------------------------------------------------+
; Inverted Register Statistics                                                                      ;
+-----------------------------------------------------------------------------------------+---------+
; Inverted Register                                                                       ; Fan out ;
+-----------------------------------------------------------------------------------------+---------+
; spi_master:spi_master|nCS                                                               ; 7       ;
; spi_master:spi_master|MOSI                                                              ; 2       ;
; representacion:representacion|disp[0]                                                   ; 1       ;
; representacion:representacion|disp[1]                                                   ; 1       ;
; representacion:representacion|disp[2]                                                   ; 1       ;
; representacion:representacion|disp[3]                                                   ; 1       ;
; representacion:representacion|disp[4]                                                   ; 1       ;
; representacion:representacion|disp[5]                                                   ; 1       ;
; representacion:representacion|disp[6]                                                   ; 1       ;
; representacion:representacion|disp[7]                                                   ; 1       ;
; spi_master:spi_master|SPC_cnt[0]                                                        ; 7       ;
; representacion:representacion|display_desplazamiento[0]                                 ; 2       ;
; representacion:representacion|cnt_tic_1ms[13]                                           ; 2       ;
; representacion:representacion|cnt_tic_1ms[12]                                           ; 2       ;
; representacion:representacion|cnt_tic_1ms[15]                                           ; 2       ;
; representacion:representacion|cnt_tic_1ms[14]                                           ; 2       ;
; representacion:representacion|cnt_tic_1ms[11]                                           ; 2       ;
; representacion:representacion|cnt_tic_1ms[10]                                           ; 2       ;
; representacion:representacion|cnt_tic_1ms[9]                                            ; 2       ;
; representacion:representacion|cnt_tic_1ms[8]                                            ; 2       ;
; representacion:representacion|cnt_tic_1ms[7]                                            ; 2       ;
; representacion:representacion|cnt_tic_1ms[5]                                            ; 2       ;
; representacion:representacion|cnt_tic_1ms[6]                                            ; 2       ;
; representacion:representacion|cnt_tic_1ms[4]                                            ; 2       ;
; representacion:representacion|cnt_tic_1ms[3]                                            ; 2       ;
; representacion:representacion|cnt_tic_1ms[2]                                            ; 2       ;
; representacion:representacion|cnt_tic_1ms[1]                                            ; 2       ;
; estimador:estimador|altshift_taps:reg_muestra_rtl_0|shift_taps_0im:auto_generated|dffe4 ; 22      ;
; Total number of inverted registers = 28                                                 ;         ;
+-----------------------------------------------------------------------------------------+---------+


+----------------------------------------------------------------------------------------------------+
; Registers Packed Into Inferred Megafunctions                                                       ;
+-----------------------------------------------+---------------------------------------+------------+
; Register Name                                 ; Megafunction                          ; Type       ;
+-----------------------------------------------+---------------------------------------+------------+
; estimador:estimador|reg_muestra[0..31][0..21] ; estimador:estimador|reg_muestra_rtl_0 ; SHIFT_TAPS ;
+-----------------------------------------------+---------------------------------------+------------+


+------------------------------------------------------------------------------------------------------------------------------------------------------------------+
; Multiplexer Restructuring Statistics (Restructuring Performed)                                                                                                   ;
+--------------------+-----------+---------------+----------------------+------------------------+------------+----------------------------------------------------+
; Multiplexer Inputs ; Bus Width ; Baseline Area ; Area if Restructured ; Saving if Restructured ; Registered ; Example Multiplexer Output                         ;
+--------------------+-----------+---------------+----------------------+------------------------+------------+----------------------------------------------------+
; 3:1                ; 8 bits    ; 16 LEs        ; 8 LEs                ; 8 LEs                  ; Yes        ; |nivel|spi_master:spi_master|reg_MOSI[14]          ;
; 3:1                ; 6 bits    ; 12 LEs        ; 6 LEs                ; 6 LEs                  ; Yes        ; |nivel|spi_master:spi_master|cnt_bits_tx[5]        ;
; 4:1                ; 7 bits    ; 14 LEs        ; 14 LEs               ; 0 LEs                  ; Yes        ; |nivel|spi_master:spi_master|reg_MOSI[1]           ;
; 5:1                ; 8 bits    ; 24 LEs        ; 8 LEs                ; 16 LEs                 ; Yes        ; |nivel|spi_controlador:spi_controlador|dato_wr[6]  ;
; 7:1                ; 7 bits    ; 28 LEs        ; 14 LEs               ; 14 LEs                 ; Yes        ; |nivel|spi_controlador:spi_controlador|reg_addr[3] ;
; 4:1                ; 4 bits    ; 8 LEs         ; 8 LEs                ; 0 LEs                  ; No         ; |nivel|representacion:representacion|N_X[0]        ;
; 4:1                ; 4 bits    ; 8 LEs         ; 8 LEs                ; 0 LEs                  ; No         ; |nivel|representacion:representacion|N_Y[2]        ;
; 6:1                ; 2 bits    ; 8 LEs         ; 4 LEs                ; 4 LEs                  ; No         ; |nivel|spi_master:spi_master|Selector4             ;
; 7:1                ; 2 bits    ; 8 LEs         ; 4 LEs                ; 4 LEs                  ; No         ; |nivel|spi_controlador:spi_controlador|Selector2   ;
; 7:1                ; 2 bits    ; 8 LEs         ; 4 LEs                ; 4 LEs                  ; No         ; |nivel|spi_controlador:spi_controlador|Selector1   ;
+--------------------+-----------+---------------+----------------------+------------------------+------------+----------------------------------------------------+


+--------------------------------------------------------------------------------------------------------------------------------------+
; Source assignments for estimador:estimador|altshift_taps:reg_muestra_rtl_0|shift_taps_0im:auto_generated|altsyncram_mfa1:altsyncram2 ;
+---------------------------------+--------------------+------+------------------------------------------------------------------------+
; Assignment                      ; Value              ; From ; To                                                                     ;
+---------------------------------+--------------------+------+------------------------------------------------------------------------+
; OPTIMIZE_POWER_DURING_SYNTHESIS ; NORMAL_COMPILATION ; -    ; -                                                                      ;
+---------------------------------+--------------------+------+------------------------------------------------------------------------+


+----------------------------------------------------------------------+
; Parameter Settings for User Entity Instance: calc_offset:calc_offset ;
+----------------+-------+---------------------------------------------+
; Parameter Name ; Value ; Type                                        ;
+----------------+-------+---------------------------------------------+
; n              ; 64    ; Signed Integer                              ;
+----------------+-------+---------------------------------------------+
Note: In order to hide this table in the UI and the text report file, please set the "Show Parameter Settings in Synthesis Report" option in "Analysis and Synthesis Settings -> More Settings" to "Off".


+------------------------------------------------------------------+
; Parameter Settings for User Entity Instance: estimador:estimador ;
+----------------+-------+-----------------------------------------+
; Parameter Name ; Value ; Type                                    ;
+----------------+-------+-----------------------------------------+
; n              ; 32    ; Signed Integer                          ;
+----------------+-------+-----------------------------------------+
Note: In order to hide this table in the UI and the text report file, please set the "Show Parameter Settings in Synthesis Report" option in "Analysis and Synthesis Settings -> More Settings" to "Off".


+------------------------------------------------------------------------------------------------------+
; Parameter Settings for Inferred Entity Instance: estimador:estimador|altshift_taps:reg_muestra_rtl_0 ;
+----------------+----------------+--------------------------------------------------------------------+
; Parameter Name ; Value          ; Type                                                               ;
+----------------+----------------+--------------------------------------------------------------------+
; WIDTH_BYTEENA  ; 1              ; Untyped                                                            ;
; NUMBER_OF_TAPS ; 1              ; Untyped                                                            ;
; TAP_DISTANCE   ; 32             ; Untyped                                                            ;
; WIDTH          ; 22             ; Untyped                                                            ;
; POWER_UP_STATE ; CLEARED        ; Untyped                                                            ;
; CBXI_PARAMETER ; shift_taps_0im ; Untyped                                                            ;
+----------------+----------------+--------------------------------------------------------------------+
Note: In order to hide this table in the UI and the text report file, please set the "Show Parameter Settings in Synthesis Report" option in "Analysis and Synthesis Settings -> More Settings" to "Off".


+----------------------------------------------------------------------------------+
; altshift_taps Parameter Settings by Entity Instance                              ;
+----------------------------+-----------------------------------------------------+
; Name                       ; Value                                               ;
+----------------------------+-----------------------------------------------------+
; Number of entity instances ; 1                                                   ;
; Entity Instance            ; estimador:estimador|altshift_taps:reg_muestra_rtl_0 ;
;     -- NUMBER_OF_TAPS      ; 1                                                   ;
;     -- TAP_DISTANCE        ; 32                                                  ;
;     -- WIDTH               ; 22                                                  ;
+----------------------------+-----------------------------------------------------+


+-----------------------------------------------------+
; Post-Synthesis Netlist Statistics for Top Partition ;
+-----------------------+-----------------------------+
; Type                  ; Count                       ;
+-----------------------+-----------------------------+
; boundary_port         ; 29                          ;
; cycloneiii_ff         ; 217                         ;
;     CLR               ; 35                          ;
;     CLR SCLR          ; 18                          ;
;     ENA               ; 5                           ;
;     ENA CLR           ; 153                         ;
;     ENA CLR SCLR      ; 6                           ;
; cycloneiii_lcell_comb ; 471                         ;
;     arith             ; 156                         ;
;         1 data inputs ; 1                           ;
;         2 data inputs ; 50                          ;
;         3 data inputs ; 105                         ;
;     normal            ; 315                         ;
;         0 data inputs ; 3                           ;
;         1 data inputs ; 27                          ;
;         2 data inputs ; 79                          ;
;         3 data inputs ; 48                          ;
;         4 data inputs ; 158                         ;
; cycloneiii_ram_block  ; 22                          ;
;                       ;                             ;
; Max LUT depth         ; 10.00                       ;
; Average LUT depth     ; 4.48                        ;
+-----------------------+-----------------------------+


+-------------------------------+
; Elapsed Time Per Partition    ;
+----------------+--------------+
; Partition Name ; Elapsed Time ;
+----------------+--------------+
; Top            ; 00:00:01     ;
+----------------+--------------+


+-------------------------------+
; Analysis & Synthesis Messages ;
+-------------------------------+
Info: *******************************************************************
Info: Running Quartus Prime Analysis & Synthesis
    Info: Version 16.0.0 Build 211 04/27/2016 SJ Lite Edition
    Info: Processing started: Wed May 18 17:15:24 2022
Info: Command: quartus_map --read_settings_files=on --write_settings_files=off nivel -c nivel
Warning (20028): Parallel compilation is not licensed and has been disabled
Info (12021): Found 2 design units, including 1 entities, in source file /users/d.allegue/downloads/dd2/hdl/spi_master.vhd
    Info (12022): Found design unit 1: spi_master-rtl File: C:/Users/d.allegue/Downloads/DD2/hdl/spi_master.vhd Line: 46
    Info (12023): Found entity 1: spi_master File: C:/Users/d.allegue/Downloads/DD2/hdl/spi_master.vhd Line: 17
Info (12021): Found 2 design units, including 1 entities, in source file /users/d.allegue/downloads/dd2/hdl/spi_controlador.vhd
    Info (12022): Found design unit 1: spi_controlador-rtl File: C:/Users/d.allegue/Downloads/DD2/hdl/spi_controlador.vhd Line: 36
    Info (12023): Found entity 1: spi_controlador File: C:/Users/d.allegue/Downloads/DD2/hdl/spi_controlador.vhd Line: 17
Info (12021): Found 2 design units, including 1 entities, in source file /users/d.allegue/downloads/dd2/hdl/representacion.vhd
    Info (12022): Found design unit 1: representacion-rtl File: C:/Users/d.allegue/Downloads/DD2/hdl/representacion.vhd Line: 20
    Info (12023): Found entity 1: representacion File: C:/Users/d.allegue/Downloads/DD2/hdl/representacion.vhd Line: 5
Info (12021): Found 2 design units, including 1 entities, in source file /users/d.allegue/downloads/dd2/hdl/nivel.vhd
    Info (12022): Found design unit 1: nivel-struct File: C:/Users/d.allegue/Downloads/DD2/hdl/nivel.vhd Line: 19
    Info (12023): Found entity 1: nivel File: C:/Users/d.allegue/Downloads/DD2/hdl/nivel.vhd Line: 5
Info (12021): Found 2 design units, including 1 entities, in source file /users/d.allegue/downloads/dd2/hdl/estimador.vhd
    Info (12022): Found design unit 1: estimador-rtl File: C:/Users/d.allegue/Downloads/DD2/hdl/estimador.vhd Line: 30
    Info (12023): Found entity 1: estimador File: C:/Users/d.allegue/Downloads/DD2/hdl/estimador.vhd Line: 13
Info (12021): Found 2 design units, including 1 entities, in source file /users/d.allegue/downloads/dd2/hdl/calc_offset.vhd
    Info (12022): Found design unit 1: calc_offset-rtl File: C:/Users/d.allegue/Downloads/DD2/hdl/calc_offset.vhd Line: 30
    Info (12023): Found entity 1: calc_offset File: C:/Users/d.allegue/Downloads/DD2/hdl/calc_offset.vhd Line: 14
Info (12021): Found 2 design units, including 0 entities, in source file /users/d.allegue/downloads/dd2/hdl/auxiliar.vhd
    Info (12022): Found design unit 1: auxiliar File: C:/Users/d.allegue/Downloads/DD2/hdl/auxiliar.vhd Line: 4
    Info (12022): Found design unit 2: auxiliar-body File: C:/Users/d.allegue/Downloads/DD2/hdl/auxiliar.vhd Line: 17
Info (12127): Elaborating entity "nivel" for the top level hierarchy
Info (12129): Elaborating entity "spi_master" using architecture "A:rtl" for hierarchy "spi_master:spi_master" File: C:/Users/d.allegue/Downloads/DD2/hdl/nivel.vhd Line: 37
Info (12129): Elaborating entity "spi_controlador" using architecture "A:rtl" for hierarchy "spi_controlador:spi_controlador" File: C:/Users/d.allegue/Downloads/DD2/hdl/nivel.vhd Line: 52
Info (12129): Elaborating entity "calc_offset" using architecture "A:rtl" for hierarchy "calc_offset:calc_offset" File: C:/Users/d.allegue/Downloads/DD2/hdl/nivel.vhd Line: 61
Info (12129): Elaborating entity "estimador" using architecture "A:rtl" for hierarchy "estimador:estimador" File: C:/Users/d.allegue/Downloads/DD2/hdl/nivel.vhd Line: 71
Info (12129): Elaborating entity "representacion" using architecture "A:rtl" for hierarchy "representacion:representacion" File: C:/Users/d.allegue/Downloads/DD2/hdl/nivel.vhd Line: 81
Warning (10540): VHDL Signal Declaration warning at representacion.vhd(28): used explicit default value for signal "T_TIC_MUX" because signal was never assigned a value File: C:/Users/d.allegue/Downloads/DD2/hdl/representacion.vhd Line: 28
Info (19000): Inferred 1 megafunctions from design logic
    Info (276034): Inferred altshift_taps megafunction from the following design logic: "estimador:estimador|reg_muestra_rtl_0"
        Info (286033): Parameter NUMBER_OF_TAPS set to 1
        Info (286033): Parameter TAP_DISTANCE set to 32
        Info (286033): Parameter WIDTH set to 22
Info (12130): Elaborated megafunction instantiation "estimador:estimador|altshift_taps:reg_muestra_rtl_0"
Info (12133): Instantiated megafunction "estimador:estimador|altshift_taps:reg_muestra_rtl_0" with the following parameter:
    Info (12134): Parameter "NUMBER_OF_TAPS" = "1"
    Info (12134): Parameter "TAP_DISTANCE" = "32"
    Info (12134): Parameter "WIDTH" = "22"
Info (12021): Found 1 design units, including 1 entities, in source file db/shift_taps_0im.tdf
    Info (12023): Found entity 1: shift_taps_0im File: C:/Users/d.allegue/Downloads/DD2/quartus/db/shift_taps_0im.tdf Line: 29
Info (12021): Found 1 design units, including 1 entities, in source file db/altsyncram_mfa1.tdf
    Info (12023): Found entity 1: altsyncram_mfa1 File: C:/Users/d.allegue/Downloads/DD2/quartus/db/altsyncram_mfa1.tdf Line: 28
Info (12021): Found 1 design units, including 1 entities, in source file db/cntr_f5f.tdf
    Info (12023): Found entity 1: cntr_f5f File: C:/Users/d.allegue/Downloads/DD2/quartus/db/cntr_f5f.tdf Line: 28
Info (12021): Found 1 design units, including 1 entities, in source file db/cmpr_hrb.tdf
    Info (12023): Found entity 1: cmpr_hrb File: C:/Users/d.allegue/Downloads/DD2/quartus/db/cmpr_hrb.tdf Line: 23
Info (12021): Found 1 design units, including 1 entities, in source file db/cntr_5lg.tdf
    Info (12023): Found entity 1: cntr_5lg File: C:/Users/d.allegue/Downloads/DD2/quartus/db/cntr_5lg.tdf Line: 26
Info (13000): Registers with preset signals will power-up high File: C:/Users/d.allegue/Downloads/DD2/hdl/spi_master.vhd Line: 22
Info (13003): DEV_CLRn pin will set, and not reset, register with preset signal due to NOT Gate Push-Back
Warning (13024): Output pins are stuck at VCC or GND
    Warning (13410): Pin "seg[0]" is stuck at VCC File: C:/Users/d.allegue/Downloads/DD2/hdl/nivel.vhd Line: 13
    Warning (13410): Pin "seg[1]" is stuck at VCC File: C:/Users/d.allegue/Downloads/DD2/hdl/nivel.vhd Line: 13
    Warning (13410): Pin "seg[2]" is stuck at VCC File: C:/Users/d.allegue/Downloads/DD2/hdl/nivel.vhd Line: 13
    Warning (13410): Pin "seg[3]" is stuck at VCC File: C:/Users/d.allegue/Downloads/DD2/hdl/nivel.vhd Line: 13
    Warning (13410): Pin "seg[4]" is stuck at VCC File: C:/Users/d.allegue/Downloads/DD2/hdl/nivel.vhd Line: 13
    Warning (13410): Pin "seg[5]" is stuck at VCC File: C:/Users/d.allegue/Downloads/DD2/hdl/nivel.vhd Line: 13
    Warning (13410): Pin "seg[6]" is stuck at VCC File: C:/Users/d.allegue/Downloads/DD2/hdl/nivel.vhd Line: 13
Info (286030): Timing-Driven Synthesis is running
Info (16010): Generating hard_block partition "hard_block:auto_generated_inst"
    Info (16011): Adding 0 node(s), including 0 DDIO, 0 PLL, 0 transceiver and 0 LCELL
Info (21057): Implemented 554 device resources after synthesis - the final resource count might be different
    Info (21058): Implemented 3 input pins
    Info (21059): Implemented 26 output pins
    Info (21061): Implemented 503 logic cells
    Info (21064): Implemented 22 RAM segments
Info: Quartus Prime Analysis & Synthesis was successful. 0 errors, 10 warnings
    Info: Peak virtual memory: 5013 megabytes
    Info: Processing ended: Wed May 18 17:15:38 2022
    Info: Elapsed time: 00:00:14
    Info: Total CPU time (on all processors): 00:00:19


