Flow report for nivel
Wed May 18 17:15:55 2022
Quartus Prime Version 16.0.0 Build 211 04/27/2016 SJ Lite Edition


---------------------
; Table of Contents ;
---------------------
  1. Legal Notice
  2. Flow Summary
  3. Flow Settings
  4. Flow Non-Default Global Settings
  5. Flow Elapsed Time
  6. Flow OS Summary
  7. Flow Log
  8. Flow Messages
  9. Flow Suppressed Messages



----------------
; Legal Notice ;
----------------
Copyright (C) 1991-2016 Altera Corporation. All rights reserved.
Your use of Altera Corporation's design tools, logic functions 
and other software and tools, and its AMPP partner logic 
functions, and any output files from any of the foregoing 
(including device programming or simulation files), and any 
associated documentation or information are expressly subject 
to the terms and conditions of the Altera Program License 
Subscription Agreement, the Altera Quartus Prime License Agreement,
the Altera MegaCore Function License Agreement, or other 
applicable license agreement, including, without limitation, 
that your use is for the sole purpose of programming logic 
devices manufactured by Altera and sold by Altera or its 
authorized distributors.  Please refer to the applicable 
agreement for further details.



+----------------------------------------------------------------------------------+
; Flow Summary                                                                     ;
+------------------------------------+---------------------------------------------+
; Flow Status                        ; Successful - Wed May 18 17:15:55 2022       ;
; Quartus Prime Version              ; 16.0.0 Build 211 04/27/2016 SJ Lite Edition ;
; Revision Name                      ; nivel                                       ;
; Top-level Entity Name              ; nivel                                       ;
; Family                             ; MAX 10                                      ;
; Device                             ; 10M50DAF484C6GES                            ;
; Timing Models                      ; Preliminary                                 ;
; Total logic elements               ; 470 / 49,760 ( < 1 % )                      ;
;     Total combinational functions  ; 459 / 49,760 ( < 1 % )                      ;
;     Dedicated logic registers      ; 217 / 49,760 ( < 1 % )                      ;
; Total registers                    ; 217                                         ;
; Total pins                         ; 29 / 360 ( 8 % )                            ;
; Total virtual pins                 ; 0                                           ;
; Total memory bits                  ; 660 / 1,677,312 ( < 1 % )                   ;
; Embedded Multiplier 9-bit elements ; 0 / 288 ( 0 % )                             ;
; Total PLLs                         ; 0 / 4 ( 0 % )                               ;
; UFM blocks                         ; 0 / 1 ( 0 % )                               ;
; ADC blocks                         ; 0 / 2 ( 0 % )                               ;
+------------------------------------+---------------------------------------------+


+-----------------------------------------+
; Flow Settings                           ;
+-------------------+---------------------+
; Option            ; Setting             ;
+-------------------+---------------------+
; Start date & time ; 05/18/2022 17:15:25 ;
; Main task         ; Compilation         ;
; Revision Name     ; nivel               ;
+-------------------+---------------------+


+----------------------------------------------------------------------------------------------------------------------------+
; Flow Non-Default Global Settings                                                                                           ;
+-------------------------------------+---------------------------------------+---------------+-------------+----------------+
; Assignment Name                     ; Value                                 ; Default Value ; Entity Name ; Section Id     ;
+-------------------------------------+---------------------------------------+---------------+-------------+----------------+
; COMPILER_SIGNATURE_ID               ; 345052807169.165288692502396          ; --            ; --          ; --             ;
; EDA_OUTPUT_DATA_FORMAT              ; Verilog Hdl                           ; --            ; --          ; eda_simulation ;
; EDA_SIMULATION_TOOL                 ; ModelSim-Altera (Verilog)             ; <None>        ; --          ; --             ;
; EDA_TIME_SCALE                      ; 1 ps                                  ; --            ; --          ; eda_simulation ;
; MAX_CORE_JUNCTION_TEMP              ; 85                                    ; --            ; --          ; --             ;
; MIN_CORE_JUNCTION_TEMP              ; 0                                     ; --            ; --          ; --             ;
; OUTPUT_IO_TIMING_FAR_END_VMEAS      ; Half Signal Swing                     ; --            ; --          ; --             ;
; OUTPUT_IO_TIMING_FAR_END_VMEAS      ; Half Signal Swing                     ; --            ; --          ; --             ;
; OUTPUT_IO_TIMING_NEAR_END_VMEAS     ; Half Vccio                            ; --            ; --          ; --             ;
; OUTPUT_IO_TIMING_NEAR_END_VMEAS     ; Half Vccio                            ; --            ; --          ; --             ;
; PARTITION_COLOR                     ; 16764057                              ; --            ; --          ; Top            ;
; PARTITION_FITTER_PRESERVATION_LEVEL ; PLACEMENT_AND_ROUTING                 ; --            ; --          ; Top            ;
; PARTITION_NETLIST_TYPE              ; SOURCE                                ; --            ; --          ; Top            ;
; POWER_BOARD_THERMAL_MODEL           ; None (CONSERVATIVE)                   ; --            ; --          ; --             ;
; POWER_PRESET_COOLING_SOLUTION       ; 23 MM HEAT SINK WITH 200 LFPM AIRFLOW ; --            ; --          ; --             ;
; PROJECT_OUTPUT_DIRECTORY            ; output_files                          ; --            ; --          ; --             ;
+-------------------------------------+---------------------------------------+---------------+-------------+----------------+


+-------------------------------------------------------------------------------------------------------------------------------+
; Flow Elapsed Time                                                                                                             ;
+---------------------------+--------------+-------------------------+---------------------+------------------------------------+
; Module Name               ; Elapsed Time ; Average Processors Used ; Peak Virtual Memory ; Total CPU Time (on all processors) ;
+---------------------------+--------------+-------------------------+---------------------+------------------------------------+
; Analysis & Synthesis      ; 00:00:13     ; 1.0                     ; 5013 MB             ; 00:00:19                           ;
; Fitter                    ; 00:00:09     ; 1.0                     ; 5467 MB             ; 00:00:09                           ;
; Assembler                 ; 00:00:02     ; 1.0                     ; 4884 MB             ; 00:00:03                           ;
; TimeQuest Timing Analyzer ; 00:00:03     ; 1.0                     ; 4999 MB             ; 00:00:02                           ;
; EDA Netlist Writer        ; 00:00:00     ; 1.0                     ; 4867 MB             ; 00:00:01                           ;
; Total                     ; 00:00:27     ; --                      ; --                  ; 00:00:34                           ;
+---------------------------+--------------+-------------------------+---------------------+------------------------------------+


+----------------------------------------------------------------------------------------+
; Flow OS Summary                                                                        ;
+---------------------------+------------------+-----------+------------+----------------+
; Module Name               ; Machine Hostname ; OS Name   ; OS Version ; Processor type ;
+---------------------------+------------------+-----------+------------+----------------+
; Analysis & Synthesis      ; i11              ; Windows 8 ; 6.2        ; x86_64         ;
; Fitter                    ; i11              ; Windows 8 ; 6.2        ; x86_64         ;
; Assembler                 ; i11              ; Windows 8 ; 6.2        ; x86_64         ;
; TimeQuest Timing Analyzer ; i11              ; Windows 8 ; 6.2        ; x86_64         ;
; EDA Netlist Writer        ; i11              ; Windows 8 ; 6.2        ; x86_64         ;
+---------------------------+------------------+-----------+------------+----------------+


------------
; Flow Log ;
------------
quartus_map --read_settings_files=on --write_settings_files=off nivel -c nivel
quartus_fit --read_settings_files=off --write_settings_files=off nivel -c nivel
quartus_asm --read_settings_files=off --write_settings_files=off nivel -c nivel
quartus_sta nivel -c nivel
quartus_eda --read_settings_files=off --write_settings_files=off nivel -c nivel



